<?xml version="1.0" encoding="UTF-8"?>
<!-- Generated by org.testng.reporters.JUnitXMLReporter -->
<testsuite hostname="DESKTOP-488FP15" ignored="0" name="ChromeTest" tests="3" failures="1" timestamp="03 Sep 2019 08:03:28 GMT" time="51.373" errors="0">
  <testcase name="ValidLoginLogout" time="7.61" classname="Com.ActiTime.Test.ValidLoginLogoutTest"/>
  <testcase name="InvalidLogin" time="13.933" classname="Com.ActiTime.Test.InvalidLoginTest"/>
  <testcase name="Verifyversion" time="0.118" classname="Com.ActiTime.Test.VerifyversionTest">
    <failure type="java.lang.AssertionError" message="The following asserts failed:
	expected [actiTIME 2019.2 Pro] but found [actiTIME 2019.3 Pro]">
      <![CDATA[java.lang.AssertionError: The following asserts failed:
expected [actiTIME 2019.2 Pro] but found [actiTIME 2019.3 Pro]
at Com.ActiTime.Test.VerifyversionTest.Verifyversion(VerifyversionTest.java:22)
at java.util.concurrent.FutureTask.run(Unknown Source)
at java.util.concurrent.ThreadPoolExecutor.runWorker(Unknown Source)
at java.util.concurrent.ThreadPoolExecutor$Worker.run(Unknown Source)
at java.lang.Thread.run(Unknown Source)
... Removed 17 stack frames]]>
    </failure>
  </testcase> <!-- Verifyversion -->
</testsuite> <!-- ChromeTest -->
