<?xml version="1.0" encoding="UTF-8"?>
<!-- Generated by org.testng.reporters.JUnitXMLReporter -->
<testsuite hostname="DESKTOP-488FP15" ignored="0" name="Test" tests="3" failures="1" timestamp="30 Aug 2019 07:44:37 GMT" time="53.757" errors="0">
  <testcase name="InvalidLogin" time="13.989" classname="Com.ActiTime.Test.InvalidLoginTest"/>
  <testcase name="ValidLoginLogout" time="6.066" classname="Com.ActiTime.Test.ValidLoginLogoutTest"/>
  <testcase name="Verifyversion" time="0.136" classname="Com.ActiTime.Test.VerifyversionTest">
    <failure type="java.lang.AssertionError" message="The following asserts failed:
	expected [actiTIME 2019.2 Pro] but found [actiTIME 2019.3 Pro]">
      <![CDATA[java.lang.AssertionError: The following asserts failed:
expected [actiTIME 2019.2 Pro] but found [actiTIME 2019.3 Pro]
at Com.ActiTime.Test.VerifyversionTest.Verifyversion(VerifyversionTest.java:22)
... Removed 25 stack frames]]>
    </failure>
  </testcase> <!-- Verifyversion -->
</testsuite> <!-- Test -->
