<!DOCTYPE html PUBLIC "-//W3C//DTD XHTML 1.1//EN" "http://www.w3.org/TR/xhtml11/DTD/xhtml11.dtd">
<html xmlns="http://www.w3.org/1999/xhtml">
<head>
<meta http-equiv="content-type" content="text/html; charset=UTF-8"/>
<title>TestNG Report</title>
<style type="text/css">table {margin-bottom:10px;border-collapse:collapse;empty-cells:show}th,td {border:1px solid #009;padding:.25em .5em}th {vertical-align:bottom}td {vertical-align:top}table a {font-weight:bold}.stripe td {background-color: #E6EBF9}.num {text-align:right}.passedodd td {background-color: #3F3}.passedeven td {background-color: #0A0}.skippedodd td {background-color: #DDD}.skippedeven td {background-color: #CCC}.failedodd td,.attn {background-color: #F33}.failedeven td,.stripe .attn {background-color: #D00}.stacktrace {white-space:pre;font-family:monospace}.totop {font-size:85%;text-align:center;border-bottom:2px solid #000}.invisible {display:none}</style>
</head>
<body>
<table>
<tr><th>Test</th><th># Passed</th><th># Skipped</th><th># Failed</th><th>Time (ms)</th><th>Included Groups</th><th>Excluded Groups</th></tr>
<tr><th colspan="7">Suite</th></tr>
<tr><td><a href="#t0">ChromeTest</a></td><td class="num">2</td><td class="num">0</td><td class="num attn">1</td><td class="num">51,373</td><td></td><td></td></tr>
<tr class="stripe"><td><a href="#t1">FirefoxTest</a></td><td class="num">1</td><td class="num">0</td><td class="num attn">2</td><td class="num">55,522</td><td></td><td></td></tr>
<tr><td><a href="#t2">IETest</a></td><td class="num">1</td><td class="num">0</td><td class="num attn">2</td><td class="num">244,002</td><td></td><td></td></tr>
<tr><th>Total</th><th class="num">4</th><th class="num">0</th><th class="num attn">5</th><th class="num">350,897</th><th colspan="2"></th></tr>
</table>
<table id='summary'><thead><tr><th>Class</th><th>Method</th><th>Start</th><th>Time (ms)</th></tr></thead><tbody><tr><th colspan="4">Suite</th></tr></tbody><tbody id="t0"><tr><th colspan="4">ChromeTest &#8212; failed</th></tr><tr class="failedeven"><td rowspan="1">Com.ActiTime.Test.VerifyversionTest</td><td><a href="#m0">Verifyversion</a></td><td rowspan="1">1567497807107</td><td rowspan="1">118</td></tr><tr><th colspan="4">ChromeTest &#8212; passed</th></tr><tr class="passedeven"><td rowspan="1">Com.ActiTime.Test.InvalidLoginTest</td><td><a href="#m1">InvalidLogin</a></td><td rowspan="1">1567497782714</td><td rowspan="1">13933</td></tr><tr class="passedodd"><td rowspan="1">Com.ActiTime.Test.ValidLoginLogoutTest</td><td><a href="#m2">ValidLoginLogout</a></td><td rowspan="1">1567497766071</td><td rowspan="1">7610</td></tr></tbody>
<tbody id="t1"><tr><th colspan="4">FirefoxTest &#8212; failed</th></tr><tr class="failedeven"><td rowspan="1">Com.ActiTime.Test.ValidLoginLogoutTest</td><td><a href="#m3">ValidLoginLogout</a></td><td rowspan="1">1567497769018</td><td rowspan="1">2601</td></tr><tr class="failedodd"><td rowspan="1">Com.ActiTime.Test.VerifyversionTest</td><td><a href="#m4">Verifyversion</a></td><td rowspan="1">1567497811171</td><td rowspan="1">107</td></tr><tr><th colspan="4">FirefoxTest &#8212; passed</th></tr><tr class="passedeven"><td rowspan="1">Com.ActiTime.Test.InvalidLoginTest</td><td><a href="#m5">InvalidLogin</a></td><td rowspan="1">1567497784685</td><td rowspan="1">14258</td></tr></tbody>
<tbody id="t2"><tr><th colspan="4">IETest &#8212; failed</th></tr><tr class="failedeven"><td rowspan="1">Com.ActiTime.Test.ValidLoginLogoutTest</td><td><a href="#m6">ValidLoginLogout</a></td><td rowspan="1">1567497766614</td><td rowspan="1">66478</td></tr><tr class="failedodd"><td rowspan="1">Com.ActiTime.Test.VerifyversionTest</td><td><a href="#m7">Verifyversion</a></td><td rowspan="1">1567498000027</td><td rowspan="1">519</td></tr><tr><th colspan="4">IETest &#8212; passed</th></tr><tr class="passedeven"><td rowspan="1">Com.ActiTime.Test.InvalidLoginTest</td><td><a href="#m8">InvalidLogin</a></td><td rowspan="1">1567497847218</td><td rowspan="1">148730</td></tr></tbody>
</table>
<h2>ChromeTest</h2><h3 id="m0">Com.ActiTime.Test.VerifyversionTest#Verifyversion</h3><table class="result"><tr><th>Messages</th></tr><tr><td><div class="messages">Ttitle is macthoing actiTIME - Login<br/>Element is presnt...</div></td></tr><tr><th>Exception</th></tr><tr><td><div class="stacktrace">java.lang.AssertionError: The following asserts failed:
	expected [actiTIME 2019.2 Pro] but found [actiTIME 2019.3 Pro]
	at Com.ActiTime.Test.VerifyversionTest.Verifyversion(VerifyversionTest.java:22)
	at java.util.concurrent.FutureTask.run(Unknown Source)
	at java.util.concurrent.ThreadPoolExecutor.runWorker(Unknown Source)
	at java.util.concurrent.ThreadPoolExecutor$Worker.run(Unknown Source)
	at java.lang.Thread.run(Unknown Source)
... Removed 17 stack frames</div></td></tr></table><p class="totop"><a href="#summary">back to summary</a></p>
<h3 id="m1">Com.ActiTime.Test.InvalidLoginTest#InvalidLogin</h3><table class="result"><tr><th>Messages</th></tr><tr><td><div class="messages">Ttitle is macthoing actiTIME - Login<br/>user name admin<br/>Password damager<br/>Element is presnt...<br/>========================================<br/>user name qsp<br/>Password jsp<br/>Element is presnt...<br/>========================================<br/>user name 45<br/>Password a<br/>Element is presnt...<br/>========================================<br/>user name a<br/>Password @<br/>Element is presnt...<br/>========================================<br/>user name 1<br/>Password 2<br/>Element is presnt...<br/>========================================</div></td></tr></table><p class="totop"><a href="#summary">back to summary</a></p>
<h3 id="m2">Com.ActiTime.Test.ValidLoginLogoutTest#ValidLoginLogout</h3><table class="result"><tr><th>Messages</th></tr><tr><td><div class="messages">Ttitle is macthoing actiTIME - Login<br/>Ttitle is macthoing actiTIME - Enter Time-Track<br/>Ttitle is macthoing actiTIME - Login</div></td></tr></table><p class="totop"><a href="#summary">back to summary</a></p>
<h2>FirefoxTest</h2><h3 id="m3">Com.ActiTime.Test.ValidLoginLogoutTest#ValidLoginLogout</h3><table class="result"><tr><th>Messages</th></tr><tr><td><div class="messages">Ttitle is macthoing actiTIME - Login<br/>Ttitle is macthoing actiTIME - Enter Time-Track</div></td></tr><tr><th>Exception</th></tr><tr><td><div class="stacktrace">org.openqa.selenium.NoSuchElementException: Unable to locate element: #logoutLink
For documentation on this error, please visit: https://www.seleniumhq.org/exceptions/no_such_element.html
Build info: version: &apos;3.141.59&apos;, revision: &apos;e82be7d358&apos;, time: &apos;2018-11-14T08:25:53&apos;
System info: host: &apos;DESKTOP-488FP15&apos;, ip: &apos;192.168.1.14&apos;, os.name: &apos;Windows 10&apos;, os.arch: &apos;amd64&apos;, os.version: &apos;10.0&apos;, java.version: &apos;1.8.0_201&apos;
Driver info: org.openqa.selenium.remote.RemoteWebDriver
Capabilities {acceptInsecureCerts: false, browserName: firefox, browserVersion: 68.0.2, javascriptEnabled: true, moz:accessibilityChecks: false, moz:buildID: 20190813150448, moz:geckodriverVersion: 0.24.0, moz:headless: false, moz:processID: 10724, moz:profile: C:\Users\APM-SYSTEM\AppData..., moz:shutdownTimeout: 60000, moz:useNonSpecCompliantPointerOrigin: false, moz:webdriverClick: true, pageLoadStrategy: normal, platform: WINDOWS, platformName: WINDOWS, platformVersion: 10.0, rotatable: false, setWindowRect: true, strictFileInteractability: false, timeouts: {implicit: 0, pageLoad: 300000, script: 30000}, unhandledPromptBehavior: dismiss and notify, webdriver.remote.sessionid: 024c33c2-1fb3-43cb-a48b-cbf...}
Session ID: 024c33c2-1fb3-43cb-a48b-cbfaef10587d
*** Element info: {Using=id, value=logoutLink}
	at org.openqa.selenium.remote.http.W3CHttpResponseCodec.createException(W3CHttpResponseCodec.java:187)
	at org.openqa.selenium.remote.http.W3CHttpResponseCodec.decode(W3CHttpResponseCodec.java:122)
	at org.openqa.selenium.remote.http.W3CHttpResponseCodec.decode(W3CHttpResponseCodec.java:49)
	at org.openqa.selenium.remote.HttpCommandExecutor.execute(HttpCommandExecutor.java:158)
	at org.openqa.selenium.remote.RemoteWebDriver.execute(RemoteWebDriver.java:552)
	at org.openqa.selenium.remote.RemoteWebDriver.findElement(RemoteWebDriver.java:323)
	at org.openqa.selenium.remote.RemoteWebDriver.findElementById(RemoteWebDriver.java:372)
	at org.openqa.selenium.By$ById.findElement(By.java:188)
	at org.openqa.selenium.remote.RemoteWebDriver.findElement(RemoteWebDriver.java:315)
	at org.openqa.selenium.support.pagefactory.DefaultElementLocator.findElement(DefaultElementLocator.java:69)
	at org.openqa.selenium.support.pagefactory.internal.LocatingElementHandler.invoke(LocatingElementHandler.java:38)
	at com.sun.proxy.$Proxy10.click(Unknown Source)
	at Com.ActiTime.Pages.actiTIMEEnterTimeTrackPage.ClickOnLogout(actiTIMEEnterTimeTrackPage.java:24)
	at Com.ActiTime.Test.ValidLoginLogoutTest.ValidLoginLogout(ValidLoginLogoutTest.java:33)
	at java.util.concurrent.FutureTask.run(Unknown Source)
	at java.util.concurrent.ThreadPoolExecutor.runWorker(Unknown Source)
	at java.util.concurrent.ThreadPoolExecutor$Worker.run(Unknown Source)
	at java.lang.Thread.run(Unknown Source)
... Removed 20 stack frames</div></td></tr></table><p class="totop"><a href="#summary">back to summary</a></p>
<h3 id="m4">Com.ActiTime.Test.VerifyversionTest#Verifyversion</h3><table class="result"><tr><th>Messages</th></tr><tr><td><div class="messages">Ttitle is macthoing actiTIME - Login<br/>Element is presnt...</div></td></tr><tr><th>Exception</th></tr><tr><td><div class="stacktrace">java.lang.AssertionError: The following asserts failed:
	expected [actiTIME 2019.2 Pro] but found [actiTIME 2019.3 Pro]
	at Com.ActiTime.Test.VerifyversionTest.Verifyversion(VerifyversionTest.java:22)
	at java.util.concurrent.FutureTask.run(Unknown Source)
	at java.util.concurrent.ThreadPoolExecutor.runWorker(Unknown Source)
	at java.util.concurrent.ThreadPoolExecutor$Worker.run(Unknown Source)
	at java.lang.Thread.run(Unknown Source)
... Removed 17 stack frames</div></td></tr></table><p class="totop"><a href="#summary">back to summary</a></p>
<h3 id="m5">Com.ActiTime.Test.InvalidLoginTest#InvalidLogin</h3><table class="result"><tr><th>Messages</th></tr><tr><td><div class="messages">Ttitle is macthoing actiTIME - Login<br/>user name admin<br/>Password damager<br/>Element is presnt...<br/>========================================<br/>user name qsp<br/>Password jsp<br/>Element is presnt...<br/>========================================<br/>user name 45<br/>Password a<br/>Element is presnt...<br/>========================================<br/>user name a<br/>Password @<br/>Element is presnt...<br/>========================================<br/>user name 1<br/>Password 2<br/>Element is presnt...<br/>========================================</div></td></tr></table><p class="totop"><a href="#summary">back to summary</a></p>
<h2>IETest</h2><h3 id="m6">Com.ActiTime.Test.ValidLoginLogoutTest#ValidLoginLogout</h3><table class="result"><tr><th>Messages</th></tr><tr><td><div class="messages">Ttitle is macthoing actiTIME - Login<br/>Ttitle is macthoing actiTIME - Enter Time-Track</div></td></tr><tr><th>Exception</th></tr><tr><td><div class="stacktrace">org.openqa.selenium.NoSuchElementException: Unable to find element with css selector == #logoutLink
For documentation on this error, please visit: https://www.seleniumhq.org/exceptions/no_such_element.html
Build info: version: &apos;3.141.59&apos;, revision: &apos;e82be7d358&apos;, time: &apos;2018-11-14T08:25:53&apos;
System info: host: &apos;DESKTOP-488FP15&apos;, ip: &apos;192.168.1.14&apos;, os.name: &apos;Windows 10&apos;, os.arch: &apos;amd64&apos;, os.version: &apos;10.0&apos;, java.version: &apos;1.8.0_201&apos;
Driver info: org.openqa.selenium.remote.RemoteWebDriver
Capabilities {acceptInsecureCerts: false, browserName: internet explorer, browserVersion: 11, javascriptEnabled: true, pageLoadStrategy: normal, platform: WINDOWS, platformName: WINDOWS, proxy: Proxy(), se:ieOptions: {browserAttachTimeout: 0, elementScrollBehavior: 0, enablePersistentHover: true, ie.browserCommandLineSwitches: , ie.ensureCleanSession: false, ie.fileUploadDialogTimeout: 3000, ie.forceCreateProcessApi: false, ignoreProtectedModeSettings: false, ignoreZoomSetting: false, initialBrowserUrl: http://localhost:29127/, nativeEvents: true, requireWindowFocus: false}, setWindowRect: true, timeouts: {implicit: 0, pageLoad: 300000, script: 30000}, webdriver.remote.sessionid: 8db18a2a-8f48-4c76-a8c4-0a4...}
Session ID: 8db18a2a-8f48-4c76-a8c4-0a4344fa3e28
*** Element info: {Using=id, value=logoutLink}
	at org.openqa.selenium.remote.http.W3CHttpResponseCodec.createException(W3CHttpResponseCodec.java:187)
	at org.openqa.selenium.remote.http.W3CHttpResponseCodec.decode(W3CHttpResponseCodec.java:122)
	at org.openqa.selenium.remote.http.W3CHttpResponseCodec.decode(W3CHttpResponseCodec.java:49)
	at org.openqa.selenium.remote.HttpCommandExecutor.execute(HttpCommandExecutor.java:158)
	at org.openqa.selenium.remote.RemoteWebDriver.execute(RemoteWebDriver.java:552)
	at org.openqa.selenium.remote.RemoteWebDriver.findElement(RemoteWebDriver.java:323)
	at org.openqa.selenium.remote.RemoteWebDriver.findElementById(RemoteWebDriver.java:372)
	at org.openqa.selenium.By$ById.findElement(By.java:188)
	at org.openqa.selenium.remote.RemoteWebDriver.findElement(RemoteWebDriver.java:315)
	at org.openqa.selenium.support.pagefactory.DefaultElementLocator.findElement(DefaultElementLocator.java:69)
	at org.openqa.selenium.support.pagefactory.internal.LocatingElementHandler.invoke(LocatingElementHandler.java:38)
	at com.sun.proxy.$Proxy10.click(Unknown Source)
	at Com.ActiTime.Pages.actiTIMEEnterTimeTrackPage.ClickOnLogout(actiTIMEEnterTimeTrackPage.java:24)
	at Com.ActiTime.Test.ValidLoginLogoutTest.ValidLoginLogout(ValidLoginLogoutTest.java:33)
	at java.util.concurrent.FutureTask.run(Unknown Source)
	at java.util.concurrent.ThreadPoolExecutor.runWorker(Unknown Source)
	at java.util.concurrent.ThreadPoolExecutor$Worker.run(Unknown Source)
	at java.lang.Thread.run(Unknown Source)
... Removed 20 stack frames</div></td></tr></table><p class="totop"><a href="#summary">back to summary</a></p>
<h3 id="m7">Com.ActiTime.Test.VerifyversionTest#Verifyversion</h3><table class="result"><tr><th>Messages</th></tr><tr><td><div class="messages">Ttitle is macthoing actiTIME - Login<br/>Element is presnt...</div></td></tr><tr><th>Exception</th></tr><tr><td><div class="stacktrace">java.lang.AssertionError: The following asserts failed:
	expected [actiTIME 2019.2 Pro] but found [actiTIME 2019.3 Pro]
	at Com.ActiTime.Test.VerifyversionTest.Verifyversion(VerifyversionTest.java:22)
	at java.util.concurrent.FutureTask.run(Unknown Source)
	at java.util.concurrent.ThreadPoolExecutor.runWorker(Unknown Source)
	at java.util.concurrent.ThreadPoolExecutor$Worker.run(Unknown Source)
	at java.lang.Thread.run(Unknown Source)
... Removed 17 stack frames</div></td></tr></table><p class="totop"><a href="#summary">back to summary</a></p>
<h3 id="m8">Com.ActiTime.Test.InvalidLoginTest#InvalidLogin</h3><table class="result"><tr><th>Messages</th></tr><tr><td><div class="messages">Ttitle is macthoing actiTIME - Login<br/>user name admin<br/>Password damager<br/>Element is presnt...<br/>========================================<br/>user name qsp<br/>Password jsp<br/>Element is presnt...<br/>========================================<br/>user name 45<br/>Password a<br/>Element is presnt...<br/>========================================<br/>user name a<br/>Password @<br/>Element is presnt...<br/>========================================<br/>user name 1<br/>Password 2<br/>Element is presnt...<br/>========================================</div></td></tr></table><p class="totop"><a href="#summary">back to summary</a></p>
</body>
</html>
